{
  "0 debug pnpm:scope": {
    "selected": 1
  },
  "1 debug pnpm:package-manifest": {
    "initial": {
      "name": "boo-food",
      "version": "1.0.0",
      "description": "",
      "main": "index.js",
      "scripts": {
        "test": "echo \"Error: no test specified\" && exit 1"
      },
      "keywords": [],
      "author": "",
      "license": "ISC"
    },
    "prefix": "/Users/xavierdrdak/Documents/code/boo-food"
  },
  "2 debug pnpm:context": {
    "currentLockfileExists": false,
    "storeDir": "/Users/xavierdrdak/.pnpm-store/v3",
    "virtualStoreDir": "/Users/xavierdrdak/Documents/code/boo-food/node_modules/.pnpm"
  },
  "3 debug pnpm:stage": {
    "prefix": "/Users/xavierdrdak/Documents/code/boo-food",
    "stage": "resolution_started"
  },
  "4 error pnpm": {
    "code": "ERR_PNPM_FETCH_404",
    "hint": "@notion/client is not in the npm registry, or you have no permission to fetch it.\n\nNo authorization header was set for the request.",
    "request": {
      "url": "https://registry.npmjs.org/@notion%2Fclient"
    },
    "response": {
      "size": 0
    },
    "pkgName": "@notion/client",
    "pkgsStack": [],
    "err": {
      "name": "pnpm",
      "message": "GET https://registry.npmjs.org/@notion%2Fclient: Not Found - 404",
      "code": "ERR_PNPM_FETCH_404",
      "stack": "pnpm: GET https://registry.npmjs.org/@notion%2Fclient: Not Found - 404\n    at RetryOperation._fn (/Users/xavierdrdak/.local/share/nvm/v14.17.6/lib/node_modules/pnpm/dist/pnpm.cjs:84710:18)\n    at processTicksAndRejections (internal/process/task_queues.js:95:5)"
    }
  }
}